
<dataset>
<CO_CURRENCY ID="EU" COD="111" NAME="Euro"/>
<CO_CURRENCY ID="US" COD="222" NAME="US Dollars"/>

<CO_LANGUAGE ID="ES" COD="ES" NAME="Spanish"/>
<CO_LANGUAGE ID="EN" COD="EN" NAME="English"/>

<CO_COUNTRY ID="ES" COD="ES" NAME="EspaÃ±a" CODNUM="111"/>
<CO_COUNTRY ID="UK" COD="UK" NAME="United Kingdom" CODNUM="222"/>

<!-- PG MODEL -->
<PG_SITE ID="1" NAME="SiteName1" DESCRIPTION="SiteDescription1" URL="SiteUrl1" CO_COUNTRY_ID="UK" CO_LANGUAGE_ID="EN" CO_CURRENCY_ID="EU" LOCKVERSION="0"/>
<PG_SITE ID="2" NAME="SiteName2" DESCRIPTION="SiteDescription2" URL="SiteUrl2" CO_COUNTRY_ID="ES" CO_LANGUAGE_ID="ES" CO_CURRENCY_ID="EU" LOCKVERSION="0"/>

<PG_PROMOTION ID="1" NAME="PromotionName1" DESCRIPTION="PromotionDescription1" URL="PromotionUrl1" PG_SITE_ID="1" BEGINDATE="2012-10-21 11:13:28" ENDDATE="2014-10-21 11:13:28" LOCKVERSION="0"/>
<PG_PROMOTION ID="2" NAME="PromotionName2" DESCRIPTION="PromotionDescription2" URL="PromotionUrl2" PG_SITE_ID="1" BEGINDATE="2012-10-21 11:13:28" ENDDATE="2014-10-21 11:13:28" LOCKVERSION="0"/>
<PG_PROMOTION ID="3" NAME="PromotionName3" DESCRIPTION="PromotionDescription3" URL="PromotionUrl3" PG_SITE_ID="1" BEGINDATE="2012-10-21 11:13:28" ENDDATE="2014-10-21 11:13:28" LOCKVERSION="0"/>
 
<PG_ITEMTYPE ID="1" NAME="ItemType1" LOCKVERSION="0"/>
<PG_ITEMTYPE ID="2" NAME="ItemType2" LOCKVERSION="0"/>
<PG_ITEMTYPE ID="3" NAME="ItemType3" PG_ITEMTYPE_ID="1" LOCKVERSION="0"/>

<PG_ITEM ID="1" NAME="ItemName1" DESCRIPTION="ItemDesc1" PG_ITEMTYPE_ID="1"  LOCKVERSION="0"/>
<PG_ITEM ID="2" NAME="ItemName2" DESCRIPTION="ItemDesc2" PG_ITEMTYPE_ID="1"  LOCKVERSION="0"/>
<PG_ITEM ID="3" NAME="ItemName3" DESCRIPTION="ItemDesc3" PG_ITEMTYPE_ID="3"  LOCKVERSION="0"/>
 
<PG_SITEITEM ID="1" NAME="SiteItemName1" URL="SiteItemUrl1" SITECOD="1" PG_ITEM_ID="1" PG_SITE_ID="1" LOCKVERSION="0"/>
<PG_SITEITEM ID="2" NAME="SiteItemName2" URL="SiteItemUrl2" SITECOD="2" PG_ITEM_ID="2" PG_SITE_ID="2" LOCKVERSION="0"/>
<PG_SITEITEM ID="3" NAME="SiteItemName3" URL="SiteItemUrl3" SITECOD="1" PG_ITEM_ID="2" PG_SITE_ID="2" LOCKVERSION="0"/>

<PG_SITEITEMDATUM ID="1" PRICETYPE="1" PRICEDATE="2014-10-21 11:13:28" PRICEVALUE="10.0" CO_CURRENCY_ID="EU" PG_SITEITEM_ID="1" LOCKVERSION="0"/>
<PG_SITEITEMDATUM ID="2" PRICETYPE="1" PRICEDATE="2014-10-22 11:13:28" PRICEVALUE="10.0" CO_CURRENCY_ID="EU" PG_SITEITEM_ID="1" LOCKVERSION="0"/>

<PG_PROMOTION_SITEITEM PG_PROMOTION_ID="1"  PG_SITEITEM_ID="1"/>
<PG_PROMOTION_SITEITEM PG_PROMOTION_ID="1"  PG_SITEITEM_ID="2"/>
<PG_PROMOTION_SITEITEM PG_PROMOTION_ID="2"  PG_SITEITEM_ID="2"/>

</dataset>
